<?xml version="1.0" encoding="UTF-8"?>
<!-- Generated by org.testng.reporters.JUnitXMLReporter -->
<testsuite ignored="0" hostname="DEEPAK" failures="0" tests="5" name="Default test" time="35.253" errors="0" timestamp="2025-12-14T20:13:51 IST">
  <testcase classname="com.orangehrm.tests.InvalidLoginTest" name="verifyInvalidLogin" time="2.384"/>
  <testcase classname="com.orangehrm.tests.InvalidLoginTest" name="verifyInvalidLogin" time="2.378"/>
  <testcase classname="com.orangehrm.tests.InvalidLoginTest" name="verifyInvalidLogin" time="2.124"/>
  <testcase classname="com.orangehrm.tests.InvalidLoginTest" name="verifyInvalidLogin" time="1.017"/>
  <testcase classname="com.orangehrm.tests.InvalidLoginTest" name="verifyInvalidLogin" time="0.58"/>
</testsuite> <!-- Default test -->
