<?xml version="1.0" encoding="UTF-8"?>
<!-- Generated by org.testng.reporters.JUnitXMLReporter -->
<testsuite ignored="0" hostname="DEEPAK" failures="1" tests="4" name="Test" time="37.278" errors="0" timestamp="2025-12-05T00:05:00 IST">
  <testcase classname="com.orangehrm.tests.LoginTest" name="verifyValidLogin" time="2.614"/>
  <testcase classname="com.orangehrm.tests.AddEmployeeTest" name="verifyAddEmployee" time="8.592"/>
  <testcase classname="com.orangehrm.tests.AdminModuleTest" name="verifySearchUser" time="4.583"/>
  <testcase classname="com.orangehrm.tests.LeaveModuleTest" name="verifyApplyLeave" time="0.004">
    <failure type="java.lang.Error" message="Unresolved compilation problems: 
	The method goToMyLeave() is undefined for the type LeavePage
	The method searchLeave(String, String) is undefined for the type LeavePage
	The method isResultDisplayed() is undefined for the type LeavePage
">
      <![CDATA[java.lang.Error: Unresolved compilation problems: 
The method goToMyLeave() is undefined for the type LeavePage
The method searchLeave(String, String) is undefined for the type LeavePage
The method isResultDisplayed() is undefined for the type LeavePage

at com.orangehrm.tests.LeaveModuleTest.verifyApplyLeave(LeaveModuleTest.java:18)
at java.base/java.util.ArrayList.forEach(ArrayList.java:1597)
... Removed 25 stack frames]]>
    </failure>
  </testcase> <!-- verifyApplyLeave -->
</testsuite> <!-- Test -->
