<?xml version="1.0" encoding="UTF-8"?>
<!-- Generated by org.testng.reporters.JUnitXMLReporter -->
<testsuite ignored="0" hostname="DEEPAK" failures="2" tests="14" name="Test" time="56.037" errors="0" timestamp="2025-12-14T20:27:22 IST">
  <testcase classname="com.orangehrm.tests.SearchEmployeeTest" name="verifySearchEmployee" time="9.18"/>
  <testcase classname="com.orangehrm.tests.AddEmployeeTest" name="verifyAddEmployee" time="10.052"/>
  <testcase classname="com.orangehrm.tests.LeaveModuleTest" name="verifyApplyLeave" time="14.965"/>
  <testcase classname="com.orangehrm.tests.InvalidLoginTest" name="verifyInvalidLogin" time="2.857"/>
  <testcase classname="com.orangehrm.tests.UpdateEmployeeDetailsTest" name="verifyUpdateEmployeeDetails" time="23.38">
    <failure type="java.lang.AssertionError" message="❌ Employee details not updated! expected [true] but found [false]">
      <![CDATA[java.lang.AssertionError: ❌ Employee details not updated! expected [true] but found [false]
at com.orangehrm.tests.UpdateEmployeeDetailsTest.verifyUpdateEmployeeDetails(UpdateEmployeeDetailsTest.java:25)
at java.base/java.util.concurrent.Executors$RunnableAdapter.call(Executors.java:572)
at java.base/java.util.concurrent.FutureTask.run(FutureTask.java:317)
at java.base/java.util.concurrent.ThreadPoolExecutor.runWorker(ThreadPoolExecutor.java:1144)
at java.base/java.util.concurrent.ThreadPoolExecutor$Worker.run(ThreadPoolExecutor.java:642)
at java.base/java.lang.Thread.run(Thread.java:1575)
... Removed 14 stack frames]]>
    </failure>
  </testcase> <!-- verifyUpdateEmployeeDetails -->
  <testcase classname="com.orangehrm.tests.SearchCandidateTest" name="verifyCandidateSearch" time="7.872"/>
  <testcase classname="com.orangehrm.tests.DeleteEmployeeTest" name="verifyDeleteEmployee" time="30.939">
    <failure type="org.openqa.selenium.TimeoutException" message="Expected condition failed: waiting for visibility of Proxy element for: DefaultElementLocator &amp;apos;By.xpath: //div[@class=&amp;apos;oxd-table-card&amp;apos;]&amp;apos; (tried for 5 second(s) with 500 milliseconds interval)">
      <![CDATA[org.openqa.selenium.TimeoutException: Expected condition failed: waiting for visibility of Proxy element for: DefaultElementLocator 'By.xpath: //div[@class='oxd-table-card']' (tried for 5 second(s) with 500 milliseconds interval)
at org.openqa.selenium.support.ui.WebDriverWait.timeoutException(WebDriverWait.java:84)
at org.openqa.selenium.support.ui.FluentWait.until(FluentWait.java:228)
at com.orangehrm.base.BasePage.waitForVisibility(BasePage.java:53)
at com.orangehrm.pages.PIMPage.searchEmployee(PIMPage.java:121)
at com.orangehrm.tests.DeleteEmployeeTest.verifyDeleteEmployee(DeleteEmployeeTest.java:20)
at java.base/java.util.concurrent.Executors$RunnableAdapter.call(Executors.java:572)
at java.base/java.util.concurrent.FutureTask.run(FutureTask.java:317)
at java.base/java.util.concurrent.ThreadPoolExecutor.runWorker(ThreadPoolExecutor.java:1144)
at java.base/java.util.concurrent.ThreadPoolExecutor$Worker.run(ThreadPoolExecutor.java:642)
at java.base/java.lang.Thread.run(Thread.java:1575)
Caused by: org.openqa.selenium.NoSuchElementException: no such element: Unable to locate element: {"method":"xpath","selector":"//div[@class='oxd-table-card']"}
  (Session info: chrome=142.0.7444.176)
For documentation on this error, please visit: https://www.selenium.dev/documentation/webdriver/troubleshooting/errors#nosuchelementexception
Build info: version: '4.38.0', revision: '6b412e825c*'
System info: os.name: 'Windows 11', os.arch: 'amd64', os.version: '10.0', java.version: '23'
Driver info: org.openqa.selenium.chrome.ChromeDriver
Command: [2c1399ce464d05448eac42684be1243d, findElement {value=//div[@class='oxd-table-card'], using=xpath}]
Capabilities {acceptInsecureCerts: false, browserName: chrome, browserVersion: 142.0.7444.176, chrome: {chromedriverVersion: 142.0.7444.175 (302067f14a4..., userDataDir: C:\Users\91707\AppData\Loca...}, fedcm:accounts: true, goog:chromeOptions: {debuggerAddress: localhost:51728}, goog:processID: 2440, networkConnectionEnabled: false, pageLoadStrategy: normal, platformName: windows, proxy: Proxy(), se:cdp: ws://localhost:51728/devtoo..., se:cdpVersion: 142.0.7444.176, setWindowRect: true, strictFileInteractability: false, timeouts: {implicit: 0, pageLoad: 300000, script: 30000}, unhandledPromptBehavior: dismiss and notify, webauthn:extension:credBlob: true, webauthn:extension:largeBlob: true, webauthn:extension:minPinLength: true, webauthn:extension:prf: true, webauthn:virtualAuthenticators: true}
Session ID: 2c1399ce464d05448eac42684be1243d
at org.openqa.selenium.remote.ErrorCodec.decode(ErrorCodec.java:167)
at org.openqa.selenium.remote.codec.w3c.W3CHttpResponseCodec.decode(W3CHttpResponseCodec.java:138)
at org.openqa.selenium.remote.codec.w3c.W3CHttpResponseCodec.decode(W3CHttpResponseCodec.java:50)
at org.openqa.selenium.remote.HttpCommandExecutor.execute(HttpCommandExecutor.java:215)
at org.openqa.selenium.remote.service.DriverCommandExecutor.invokeExecute(DriverCommandExecutor.java:216)
at org.openqa.selenium.remote.service.DriverCommandExecutor.execute(DriverCommandExecutor.java:174)
at org.openqa.selenium.remote.RemoteWebDriver.execute(RemoteWebDriver.java:557)
at org.openqa.selenium.remote.ElementLocation$ElementFinder$2.findElement(ElementLocation.java:165)
at org.openqa.selenium.remote.ElementLocation.findElement(ElementLocation.java:59)
at org.openqa.selenium.remote.RemoteWebDriver.findElement(RemoteWebDriver.java:380)
at org.openqa.selenium.remote.RemoteWebDriver.findElement(RemoteWebDriver.java:374)
at org.openqa.selenium.support.pagefactory.DefaultElementLocator.findElement(DefaultElementLocator.java:68)
at org.openqa.selenium.support.pagefactory.internal.LocatingElementHandler.invoke(LocatingElementHandler.java:38)
at jdk.proxy2/jdk.proxy2.$Proxy28.isDisplayed(Unknown Source)
at org.openqa.selenium.support.ui.ExpectedConditions.elementIfVisible(ExpectedConditions.java:308)
at org.openqa.selenium.support.ui.ExpectedConditions$10.apply(ExpectedConditions.java:294)
at org.openqa.selenium.support.ui.ExpectedConditions$10.apply(ExpectedConditions.java:291)
at org.openqa.selenium.support.ui.FluentWait.until(FluentWait.java:203)
... 19 more
... Removed 14 stack frames]]>
    </failure>
  </testcase> <!-- verifyDeleteEmployee -->
  <testcase classname="com.orangehrm.tests.InvalidLoginTest" name="verifyInvalidLogin" time="3.651"/>
  <testcase classname="com.orangehrm.tests.LoginTest" name="verifyValidLogin" time="2.497"/>
  <testcase classname="com.orangehrm.tests.AdminModuleTest" name="verifySearchUser" time="4.84"/>
  <testcase classname="com.orangehrm.tests.AddCandidateTest" name="verifyAddCandidate" time="14.005"/>
  <testcase classname="com.orangehrm.tests.InvalidLoginTest" name="verifyInvalidLogin" time="2.068"/>
  <testcase classname="com.orangehrm.tests.InvalidLoginTest" name="verifyInvalidLogin" time="0.643"/>
  <testcase classname="com.orangehrm.tests.InvalidLoginTest" name="verifyInvalidLogin" time="0.978"/>
</testsuite> <!-- Test -->
