<?xml version="1.0" encoding="UTF-8"?>
<!-- Generated by org.testng.reporters.JUnitXMLReporter -->
<testsuite ignored="0" hostname="DEEPAK" failures="1" tests="9" name="Test" time="94.793" errors="0" timestamp="2025-12-07T11:41:01 IST">
  <testcase classname="com.orangehrm.tests.LoginTest" name="verifyValidLogin" time="2.413"/>
  <testcase classname="com.orangehrm.tests.AddEmployeeTest" name="verifyAddEmployee" time="6.616"/>
  <testcase classname="com.orangehrm.tests.AdminModuleTest" name="verifySearchUser" time="4.54"/>
  <testcase classname="com.orangehrm.tests.DeleteEmployeeTest" name="verifyDeleteEmployee" time="6.465"/>
  <testcase classname="com.orangehrm.tests.InvalidLoginTest" name="verifyInvalidLogin" time="2.004"/>
  <testcase classname="com.orangehrm.tests.UpdateEmployeeDetailsTest" name="verifyUpdateEmployeeDetails" time="5.439">
    <failure type="org.openqa.selenium.StaleElementReferenceException" message="stale element reference: stale element not found in the current frame
  (Session info: chrome=142.0.7444.176)
For documentation on this error, please visit: https://www.selenium.dev/documentation/webdriver/troubleshooting/errors#staleelementreferenceexception
Build info: version: &amp;apos;4.38.0&amp;apos;, revision: &amp;apos;6b412e825c*&amp;apos;
System info: os.name: &amp;apos;Windows 11&amp;apos;, os.arch: &amp;apos;amd64&amp;apos;, os.version: &amp;apos;10.0&amp;apos;, java.version: &amp;apos;23&amp;apos;
Driver info: org.openqa.selenium.chrome.ChromeDriver
Command: [3913e9134716cee1f4c40d1b183e3989, clickElement {id=f.A9FA925EBC8042D322E2F58DF6C72672.d.9C43751C59A6D5DCD021F79EB408B593.e.70}]
Capabilities {acceptInsecureCerts: false, browserName: chrome, browserVersion: 142.0.7444.176, chrome: {chromedriverVersion: 142.0.7444.175 (302067f14a4..., userDataDir: C:\Users\91707\AppData\Loca...}, fedcm:accounts: true, goog:chromeOptions: {debuggerAddress: localhost:53119}, goog:processID: 1152, networkConnectionEnabled: false, pageLoadStrategy: normal, platformName: windows, proxy: Proxy(), se:cdp: ws://localhost:53119/devtoo..., se:cdpVersion: 142.0.7444.176, setWindowRect: true, strictFileInteractability: false, timeouts: {implicit: 0, pageLoad: 300000, script: 30000}, unhandledPromptBehavior: dismiss and notify, webauthn:extension:credBlob: true, webauthn:extension:largeBlob: true, webauthn:extension:minPinLength: true, webauthn:extension:prf: true, webauthn:virtualAuthenticators: true}
Element: [[ChromeDriver: chrome on windows (3913e9134716cee1f4c40d1b183e3989)] -&amp;gt; xpath: //div[@class=&amp;apos;oxd-table-card&amp;apos;]]
Session ID: 3913e9134716cee1f4c40d1b183e3989">
      <![CDATA[org.openqa.selenium.StaleElementReferenceException: stale element reference: stale element not found in the current frame
  (Session info: chrome=142.0.7444.176)
For documentation on this error, please visit: https://www.selenium.dev/documentation/webdriver/troubleshooting/errors#staleelementreferenceexception
Build info: version: '4.38.0', revision: '6b412e825c*'
System info: os.name: 'Windows 11', os.arch: 'amd64', os.version: '10.0', java.version: '23'
Driver info: org.openqa.selenium.chrome.ChromeDriver
Command: [3913e9134716cee1f4c40d1b183e3989, clickElement {id=f.A9FA925EBC8042D322E2F58DF6C72672.d.9C43751C59A6D5DCD021F79EB408B593.e.70}]
Capabilities {acceptInsecureCerts: false, browserName: chrome, browserVersion: 142.0.7444.176, chrome: {chromedriverVersion: 142.0.7444.175 (302067f14a4..., userDataDir: C:\Users\91707\AppData\Loca...}, fedcm:accounts: true, goog:chromeOptions: {debuggerAddress: localhost:53119}, goog:processID: 1152, networkConnectionEnabled: false, pageLoadStrategy: normal, platformName: windows, proxy: Proxy(), se:cdp: ws://localhost:53119/devtoo..., se:cdpVersion: 142.0.7444.176, setWindowRect: true, strictFileInteractability: false, timeouts: {implicit: 0, pageLoad: 300000, script: 30000}, unhandledPromptBehavior: dismiss and notify, webauthn:extension:credBlob: true, webauthn:extension:largeBlob: true, webauthn:extension:minPinLength: true, webauthn:extension:prf: true, webauthn:virtualAuthenticators: true}
Element: [[ChromeDriver: chrome on windows (3913e9134716cee1f4c40d1b183e3989)] -> xpath: //div[@class='oxd-table-card']]
Session ID: 3913e9134716cee1f4c40d1b183e3989
at org.openqa.selenium.remote.ErrorCodec.decode(ErrorCodec.java:167)
at org.openqa.selenium.remote.codec.w3c.W3CHttpResponseCodec.decode(W3CHttpResponseCodec.java:138)
at org.openqa.selenium.remote.codec.w3c.W3CHttpResponseCodec.decode(W3CHttpResponseCodec.java:50)
at org.openqa.selenium.remote.HttpCommandExecutor.execute(HttpCommandExecutor.java:215)
at org.openqa.selenium.remote.service.DriverCommandExecutor.invokeExecute(DriverCommandExecutor.java:216)
at org.openqa.selenium.remote.service.DriverCommandExecutor.execute(DriverCommandExecutor.java:174)
at org.openqa.selenium.remote.RemoteWebDriver.execute(RemoteWebDriver.java:557)
at org.openqa.selenium.remote.RemoteWebElement.execute(RemoteWebElement.java:223)
at org.openqa.selenium.remote.RemoteWebElement.click(RemoteWebElement.java:76)
at org.openqa.selenium.support.pagefactory.internal.LocatingElementHandler.invoke(LocatingElementHandler.java:51)
at jdk.proxy2/jdk.proxy2.$Proxy28.click(Unknown Source)
at com.orangehrm.base.BasePage.click(BasePage.java:18)
at com.orangehrm.pages.PIMPage.openEmployeeFromList(PIMPage.java:126)
at com.orangehrm.tests.UpdateEmployeeDetailsTest.verifyUpdateEmployeeDetails(UpdateEmployeeDetailsTest.java:21)
at java.base/java.util.ArrayList.forEach(ArrayList.java:1597)
... Removed 30 stack frames]]>
    </failure>
  </testcase> <!-- verifyUpdateEmployeeDetails -->
  <testcase classname="com.orangehrm.tests.SearchEmployeeTest" name="verifySearchEmployee" time="6.379"/>
  <testcase classname="com.orangehrm.tests.SearchCandidateTest" name="verifyCandidateSearch" time="5.798"/>
  <testcase classname="com.orangehrm.tests.AddCandidateTest" name="verifyAddCandidate" time="11.222"/>
</testsuite> <!-- Test -->
