<?xml version="1.0" encoding="UTF-8"?>
<testng-results ignored="0" total="1" passed="1" failed="0" skipped="0">
  <reporter-output>
  </reporter-output>
  <suite started-at="2025-12-07T11:56:57 IST" name="Default suite" finished-at="2025-12-07T11:57:16 IST" duration-ms="19048">
    <groups>
    </groups>
    <test started-at="2025-12-07T11:56:57 IST" name="Default test" finished-at="2025-12-07T11:57:16 IST" duration-ms="19048">
      <class name="com.orangehrm.tests.UpdateEmployeeDetailsTest">
        <test-method is-config="true" signature="setUp()[pri:0, instance:com.orangehrm.tests.UpdateEmployeeDetailsTest@37ceb1df]" started-at="2025-12-07T11:56:57 IST" name="setUp" finished-at="2025-12-07T11:57:06 IST" duration-ms="8370" status="PASS">
          <reporter-output>
          </reporter-output>
        </test-method> <!-- setUp -->
        <test-method signature="verifyUpdateEmployeeDetails()[pri:0, instance:com.orangehrm.tests.UpdateEmployeeDetailsTest@37ceb1df]" started-at="2025-12-07T11:57:06 IST" name="verifyUpdateEmployeeDetails" finished-at="2025-12-07T11:57:16 IST" duration-ms="10460" status="PASS">
          <reporter-output>
          </reporter-output>
        </test-method> <!-- verifyUpdateEmployeeDetails -->
        <test-method is-config="true" signature="tearDown()[pri:0, instance:com.orangehrm.tests.UpdateEmployeeDetailsTest@37ceb1df]" started-at="2025-12-07T11:57:16 IST" name="tearDown" finished-at="2025-12-07T11:57:16 IST" duration-ms="178" status="PASS">
          <reporter-output>
          </reporter-output>
        </test-method> <!-- tearDown -->
      </class> <!-- com.orangehrm.tests.UpdateEmployeeDetailsTest -->
    </test> <!-- Default test -->
  </suite> <!-- Default suite -->
</testng-results>
