<?xml version="1.0" encoding="UTF-8"?>
<testng-results ignored="0" total="1" passed="1" failed="0" skipped="0">
  <reporter-output>
  </reporter-output>
  <suite started-at="2025-12-05T22:56:32 IST" name="Default suite" finished-at="2025-12-05T22:56:42 IST" duration-ms="10259">
    <groups>
    </groups>
    <test started-at="2025-12-05T22:56:32 IST" name="Default test" finished-at="2025-12-05T22:56:42 IST" duration-ms="10259">
      <class name="com.orangehrm.tests.InvalidLoginTest">
        <test-method is-config="true" signature="setUp()[pri:0, instance:com.orangehrm.tests.InvalidLoginTest@6200f9cb]" started-at="2025-12-05T22:56:32 IST" name="setUp" finished-at="2025-12-05T22:56:39 IST" duration-ms="7239" status="PASS">
          <reporter-output>
          </reporter-output>
        </test-method> <!-- setUp -->
        <test-method signature="verifyInvalidLogin()[pri:0, instance:com.orangehrm.tests.InvalidLoginTest@6200f9cb]" started-at="2025-12-05T22:56:39 IST" name="verifyInvalidLogin" finished-at="2025-12-05T22:56:42 IST" duration-ms="2748" status="PASS">
          <reporter-output>
          </reporter-output>
        </test-method> <!-- verifyInvalidLogin -->
        <test-method is-config="true" signature="tearDown()[pri:0, instance:com.orangehrm.tests.InvalidLoginTest@6200f9cb]" started-at="2025-12-05T22:56:42 IST" name="tearDown" finished-at="2025-12-05T22:56:42 IST" duration-ms="213" status="PASS">
          <reporter-output>
          </reporter-output>
        </test-method> <!-- tearDown -->
      </class> <!-- com.orangehrm.tests.InvalidLoginTest -->
    </test> <!-- Default test -->
  </suite> <!-- Default suite -->
</testng-results>
