<?xml version="1.0" encoding="UTF-8"?>
<testng-results ignored="0" total="1" passed="1" failed="0" skipped="0">
  <reporter-output>
  </reporter-output>
  <suite started-at="2025-12-05T23:14:08 IST" name="Default suite" finished-at="2025-12-05T23:14:21 IST" duration-ms="13448">
    <groups>
    </groups>
    <test started-at="2025-12-05T23:14:08 IST" name="Default test" finished-at="2025-12-05T23:14:21 IST" duration-ms="13448">
      <class name="com.orangehrm.tests.SearchEmployeeTest">
        <test-method is-config="true" signature="setUp()[pri:0, instance:com.orangehrm.tests.SearchEmployeeTest@2002fc1d]" started-at="2025-12-05T23:14:08 IST" name="setUp" finished-at="2025-12-05T23:14:14 IST" duration-ms="6098" status="PASS">
          <reporter-output>
          </reporter-output>
        </test-method> <!-- setUp -->
        <test-method signature="verifySearchEmployee()[pri:0, instance:com.orangehrm.tests.SearchEmployeeTest@2002fc1d]" started-at="2025-12-05T23:14:14 IST" name="verifySearchEmployee" finished-at="2025-12-05T23:14:21 IST" duration-ms="7108" status="PASS">
          <reporter-output>
          </reporter-output>
        </test-method> <!-- verifySearchEmployee -->
        <test-method is-config="true" signature="tearDown()[pri:0, instance:com.orangehrm.tests.SearchEmployeeTest@2002fc1d]" started-at="2025-12-05T23:14:21 IST" name="tearDown" finished-at="2025-12-05T23:14:21 IST" duration-ms="195" status="PASS">
          <reporter-output>
          </reporter-output>
        </test-method> <!-- tearDown -->
      </class> <!-- com.orangehrm.tests.SearchEmployeeTest -->
    </test> <!-- Default test -->
  </suite> <!-- Default suite -->
</testng-results>
