<?xml version="1.0" encoding="UTF-8"?>
<testng-results ignored="0" total="1" passed="1" failed="0" skipped="0">
  <reporter-output>
  </reporter-output>
  <suite started-at="2025-12-02T23:19:33 IST" name="Suite" finished-at="2025-12-02T23:19:45 IST" duration-ms="11921">
    <groups>
    </groups>
    <test started-at="2025-12-02T23:19:33 IST" name="Test" finished-at="2025-12-02T23:19:45 IST" duration-ms="11921">
      <class name="com.orangehrm.tests.LoginTest">
        <test-method is-config="true" signature="setUp()[pri:0, instance:com.orangehrm.tests.LoginTest@510f3d34]" started-at="2025-12-02T23:19:33 IST" name="setUp" finished-at="2025-12-02T23:19:42 IST" duration-ms="9150" status="PASS">
          <reporter-output>
          </reporter-output>
        </test-method> <!-- setUp -->
        <test-method signature="verifyValidLogin()[pri:0, instance:com.orangehrm.tests.LoginTest@510f3d34]" started-at="2025-12-02T23:19:42 IST" name="verifyValidLogin" finished-at="2025-12-02T23:19:44 IST" duration-ms="2422" status="PASS">
          <reporter-output>
          </reporter-output>
        </test-method> <!-- verifyValidLogin -->
        <test-method is-config="true" signature="tearDown()[pri:0, instance:com.orangehrm.tests.LoginTest@510f3d34]" started-at="2025-12-02T23:19:44 IST" name="tearDown" finished-at="2025-12-02T23:19:45 IST" duration-ms="292" status="PASS">
          <reporter-output>
          </reporter-output>
        </test-method> <!-- tearDown -->
      </class> <!-- com.orangehrm.tests.LoginTest -->
    </test> <!-- Test -->
  </suite> <!-- Suite -->
</testng-results>
