<?xml version="1.0" encoding="UTF-8"?>
<testng-results ignored="0" total="1" passed="1" failed="0" skipped="0">
  <reporter-output>
  </reporter-output>
  <suite started-at="2025-12-05T00:27:04 IST" name="Default suite" finished-at="2025-12-05T00:27:24 IST" duration-ms="19047">
    <groups>
    </groups>
    <test started-at="2025-12-05T00:27:04 IST" name="Default test" finished-at="2025-12-05T00:27:24 IST" duration-ms="19047">
      <class name="com.orangehrm.tests.LeaveModuleTest">
        <test-method is-config="true" signature="setUp()[pri:0, instance:com.orangehrm.tests.LeaveModuleTest@20d525]" started-at="2025-12-05T00:27:05 IST" name="setUp" finished-at="2025-12-05T00:27:10 IST" duration-ms="5367" status="PASS">
          <reporter-output>
          </reporter-output>
        </test-method> <!-- setUp -->
        <test-method signature="verifyApplyLeave()[pri:0, instance:com.orangehrm.tests.LeaveModuleTest@20d525]" started-at="2025-12-05T00:27:10 IST" name="verifyApplyLeave" finished-at="2025-12-05T00:27:22 IST" duration-ms="11874" status="PASS">
          <reporter-output>
          </reporter-output>
        </test-method> <!-- verifyApplyLeave -->
        <test-method is-config="true" signature="tearDown()[pri:0, instance:com.orangehrm.tests.LeaveModuleTest@20d525]" started-at="2025-12-05T00:27:22 IST" name="tearDown" finished-at="2025-12-05T00:27:24 IST" duration-ms="1747" status="PASS">
          <reporter-output>
          </reporter-output>
        </test-method> <!-- tearDown -->
      </class> <!-- com.orangehrm.tests.LeaveModuleTest -->
    </test> <!-- Default test -->
  </suite> <!-- Default suite -->
</testng-results>
