<?xml version="1.0" encoding="UTF-8"?>
<testng-results ignored="0" total="14" passed="12" failed="2" skipped="0">
  <reporter-output>
  </reporter-output>
  <suite started-at="2025-12-14T20:26:26 IST" name="Suite" finished-at="2025-12-14T20:27:22 IST" duration-ms="56037">
    <groups>
    </groups>
    <test started-at="2025-12-14T20:26:26 IST" name="Test" finished-at="2025-12-14T20:27:22 IST" duration-ms="56037">
      <class name="com.orangehrm.tests.SearchCandidateTest">
        <test-method is-config="true" signature="setUp()[pri:0, instance:com.orangehrm.tests.SearchCandidateTest@ed7f8b4]" started-at="2025-12-14T20:26:45 IST" name="setUp" finished-at="2025-12-14T20:26:50 IST" duration-ms="5201" status="PASS">
          <reporter-output>
          </reporter-output>
        </test-method> <!-- setUp -->
        <test-method signature="verifyCandidateSearch()[pri:0, instance:com.orangehrm.tests.SearchCandidateTest@ed7f8b4]" started-at="2025-12-14T20:26:50 IST" name="verifyCandidateSearch" finished-at="2025-12-14T20:26:58 IST" duration-ms="7872" status="PASS">
          <reporter-output>
          </reporter-output>
        </test-method> <!-- verifyCandidateSearch -->
        <test-method is-config="true" signature="tearDown()[pri:0, instance:com.orangehrm.tests.SearchCandidateTest@ed7f8b4]" started-at="2025-12-14T20:26:58 IST" name="tearDown" finished-at="2025-12-14T20:26:59 IST" duration-ms="536" status="PASS">
          <reporter-output>
          </reporter-output>
        </test-method> <!-- tearDown -->
      </class> <!-- com.orangehrm.tests.SearchCandidateTest -->
      <class name="com.orangehrm.tests.UpdateEmployeeDetailsTest">
        <test-method is-config="true" signature="setUp()[pri:0, instance:com.orangehrm.tests.UpdateEmployeeDetailsTest@38afe297]" started-at="2025-12-14T20:26:26 IST" name="setUp" finished-at="2025-12-14T20:26:35 IST" duration-ms="8451" status="PASS">
          <reporter-output>
          </reporter-output>
        </test-method> <!-- setUp -->
        <test-method signature="verifyUpdateEmployeeDetails()[pri:0, instance:com.orangehrm.tests.UpdateEmployeeDetailsTest@38afe297]" started-at="2025-12-14T20:26:35 IST" name="verifyUpdateEmployeeDetails" finished-at="2025-12-14T20:26:58 IST" duration-ms="23380" status="FAIL">
          <exception class="java.lang.AssertionError">
            <message>
              <![CDATA[❌ Employee details not updated! expected [true] but found [false]]]>
            </message>
            <full-stacktrace>
              <![CDATA[java.lang.AssertionError: ❌ Employee details not updated! expected [true] but found [false]
at org.testng.Assert.fail(Assert.java:111)
at org.testng.Assert.failNotEquals(Assert.java:1590)
at org.testng.Assert.assertTrue(Assert.java:57)
at com.orangehrm.tests.UpdateEmployeeDetailsTest.verifyUpdateEmployeeDetails(UpdateEmployeeDetailsTest.java:25)
at java.base/jdk.internal.reflect.DirectMethodHandleAccessor.invoke(DirectMethodHandleAccessor.java:103)
at java.base/java.lang.reflect.Method.invoke(Method.java:580)
at org.testng.internal.invokers.MethodInvocationHelper.invokeMethod(MethodInvocationHelper.java:141)
at org.testng.internal.invokers.TestInvoker.invokeMethod(TestInvoker.java:687)
at org.testng.internal.invokers.TestInvoker.invokeTestMethod(TestInvoker.java:230)
at org.testng.internal.invokers.MethodRunner.runInSequence(MethodRunner.java:63)
at org.testng.internal.invokers.TestInvoker$MethodInvocationAgent.invoke(TestInvoker.java:995)
at org.testng.internal.invokers.TestInvoker.invokeTestMethods(TestInvoker.java:203)
at org.testng.internal.invokers.TestMethodWorker.invokeTestMethods(TestMethodWorker.java:154)
at org.testng.internal.invokers.TestMethodWorker.run(TestMethodWorker.java:134)
at java.base/java.util.concurrent.Executors$RunnableAdapter.call(Executors.java:572)
at java.base/java.util.concurrent.FutureTask.run(FutureTask.java:317)
at org.testng.internal.thread.graph.TestNGFutureTask.run(TestNGFutureTask.java:22)
at java.base/java.util.concurrent.ThreadPoolExecutor.runWorker(ThreadPoolExecutor.java:1144)
at java.base/java.util.concurrent.ThreadPoolExecutor$Worker.run(ThreadPoolExecutor.java:642)
at java.base/java.lang.Thread.run(Thread.java:1575)
]]>
            </full-stacktrace>
          </exception> <!-- java.lang.AssertionError -->
          <reporter-output>
          </reporter-output>
        </test-method> <!-- verifyUpdateEmployeeDetails -->
        <test-method is-config="true" signature="tearDown()[pri:0, instance:com.orangehrm.tests.UpdateEmployeeDetailsTest@38afe297]" started-at="2025-12-14T20:26:58 IST" name="tearDown" finished-at="2025-12-14T20:27:00 IST" duration-ms="2410" status="PASS">
          <reporter-output>
          </reporter-output>
        </test-method> <!-- tearDown -->
      </class> <!-- com.orangehrm.tests.UpdateEmployeeDetailsTest -->
      <class name="com.orangehrm.tests.AddEmployeeTest">
        <test-method is-config="true" signature="setUp()[pri:0, instance:com.orangehrm.tests.AddEmployeeTest@3af9c5b7]" started-at="2025-12-14T20:26:26 IST" name="setUp" finished-at="2025-12-14T20:26:35 IST" duration-ms="8607" status="PASS">
          <reporter-output>
          </reporter-output>
        </test-method> <!-- setUp -->
        <test-method signature="verifyAddEmployee()[pri:0, instance:com.orangehrm.tests.AddEmployeeTest@3af9c5b7]" started-at="2025-12-14T20:26:35 IST" name="verifyAddEmployee" finished-at="2025-12-14T20:26:45 IST" duration-ms="10052" status="PASS">
          <reporter-output>
          </reporter-output>
        </test-method> <!-- verifyAddEmployee -->
        <test-method is-config="true" signature="tearDown()[pri:0, instance:com.orangehrm.tests.AddEmployeeTest@3af9c5b7]" started-at="2025-12-14T20:26:45 IST" name="tearDown" finished-at="2025-12-14T20:26:45 IST" duration-ms="371" status="PASS">
          <reporter-output>
          </reporter-output>
        </test-method> <!-- tearDown -->
      </class> <!-- com.orangehrm.tests.AddEmployeeTest -->
      <class name="com.orangehrm.tests.InvalidLoginTest">
        <test-method is-config="true" signature="setUp()[pri:0, instance:com.orangehrm.tests.InvalidLoginTest@37271612]" started-at="2025-12-14T20:26:46 IST" name="setUp" finished-at="2025-12-14T20:26:51 IST" duration-ms="5321" status="PASS">
          <reporter-output>
          </reporter-output>
        </test-method> <!-- setUp -->
        <test-method signature="verifyInvalidLogin(java.lang.String,java.lang.String,java.lang.String)[pri:0, instance:com.orangehrm.tests.InvalidLoginTest@37271612]" started-at="2025-12-14T20:26:51 IST" name="verifyInvalidLogin" data-provider="loginData" finished-at="2025-12-14T20:26:54 IST" duration-ms="2857" status="PASS">
          <params>
            <param index="0">
              <value>
                <![CDATA[Admin]]>
              </value>
            </param>
            <param index="1">
              <value>
                <![CDATA[admin123]]>
              </value>
            </param>
            <param index="2">
              <value>
                <![CDATA[valid]]>
              </value>
            </param>
          </params>
          <reporter-output>
          </reporter-output>
        </test-method> <!-- verifyInvalidLogin -->
        <test-method is-config="true" signature="tearDown()[pri:0, instance:com.orangehrm.tests.InvalidLoginTest@37271612]" started-at="2025-12-14T20:26:54 IST" name="tearDown" finished-at="2025-12-14T20:26:56 IST" duration-ms="2034" status="PASS">
          <reporter-output>
          </reporter-output>
        </test-method> <!-- tearDown -->
        <test-method is-config="true" signature="setUp()[pri:0, instance:com.orangehrm.tests.InvalidLoginTest@37271612]" started-at="2025-12-14T20:26:56 IST" name="setUp" finished-at="2025-12-14T20:27:00 IST" duration-ms="4137" status="PASS">
          <reporter-output>
          </reporter-output>
        </test-method> <!-- setUp -->
        <test-method signature="verifyInvalidLogin(java.lang.String,java.lang.String,java.lang.String)[pri:0, instance:com.orangehrm.tests.InvalidLoginTest@37271612]" started-at="2025-12-14T20:27:00 IST" name="verifyInvalidLogin" data-provider="loginData" finished-at="2025-12-14T20:27:04 IST" duration-ms="3651" status="PASS">
          <params>
            <param index="0">
              <value>
                <![CDATA[Admin]]>
              </value>
            </param>
            <param index="1">
              <value>
                <![CDATA[wrongpass]]>
              </value>
            </param>
            <param index="2">
              <value>
                <![CDATA[invalid]]>
              </value>
            </param>
          </params>
          <reporter-output>
          </reporter-output>
        </test-method> <!-- verifyInvalidLogin -->
        <test-method is-config="true" signature="tearDown()[pri:0, instance:com.orangehrm.tests.InvalidLoginTest@37271612]" started-at="2025-12-14T20:27:04 IST" name="tearDown" finished-at="2025-12-14T20:27:04 IST" duration-ms="270" status="PASS">
          <reporter-output>
          </reporter-output>
        </test-method> <!-- tearDown -->
        <test-method is-config="true" signature="setUp()[pri:0, instance:com.orangehrm.tests.InvalidLoginTest@37271612]" started-at="2025-12-14T20:27:04 IST" name="setUp" finished-at="2025-12-14T20:27:09 IST" duration-ms="4181" status="PASS">
          <reporter-output>
          </reporter-output>
        </test-method> <!-- setUp -->
        <test-method signature="verifyInvalidLogin(java.lang.String,java.lang.String,java.lang.String)[pri:0, instance:com.orangehrm.tests.InvalidLoginTest@37271612]" started-at="2025-12-14T20:27:09 IST" name="verifyInvalidLogin" data-provider="loginData" finished-at="2025-12-14T20:27:11 IST" duration-ms="2068" status="PASS">
          <params>
            <param index="0">
              <value>
                <![CDATA[wronguser]]>
              </value>
            </param>
            <param index="1">
              <value>
                <![CDATA[admin123]]>
              </value>
            </param>
            <param index="2">
              <value>
                <![CDATA[invalid]]>
              </value>
            </param>
          </params>
          <reporter-output>
          </reporter-output>
        </test-method> <!-- verifyInvalidLogin -->
        <test-method is-config="true" signature="tearDown()[pri:0, instance:com.orangehrm.tests.InvalidLoginTest@37271612]" started-at="2025-12-14T20:27:11 IST" name="tearDown" finished-at="2025-12-14T20:27:11 IST" duration-ms="182" status="PASS">
          <reporter-output>
          </reporter-output>
        </test-method> <!-- tearDown -->
        <test-method is-config="true" signature="setUp()[pri:0, instance:com.orangehrm.tests.InvalidLoginTest@37271612]" started-at="2025-12-14T20:27:11 IST" name="setUp" finished-at="2025-12-14T20:27:15 IST" duration-ms="4721" status="PASS">
          <reporter-output>
          </reporter-output>
        </test-method> <!-- setUp -->
        <test-method signature="verifyInvalidLogin(java.lang.String,java.lang.String,java.lang.String)[pri:0, instance:com.orangehrm.tests.InvalidLoginTest@37271612]" started-at="2025-12-14T20:27:15 IST" name="verifyInvalidLogin" data-provider="loginData" finished-at="2025-12-14T20:27:16 IST" duration-ms="643" status="PASS">
          <params>
            <param index="0">
              <value>
                <![CDATA[Admin]]>
              </value>
            </param>
            <param index="1">
              <value>
                <![CDATA[EMPTY]]>
              </value>
            </param>
            <param index="2">
              <value>
                <![CDATA[required]]>
              </value>
            </param>
          </params>
          <reporter-output>
          </reporter-output>
        </test-method> <!-- verifyInvalidLogin -->
        <test-method is-config="true" signature="tearDown()[pri:0, instance:com.orangehrm.tests.InvalidLoginTest@37271612]" started-at="2025-12-14T20:27:16 IST" name="tearDown" finished-at="2025-12-14T20:27:16 IST" duration-ms="199" status="PASS">
          <reporter-output>
          </reporter-output>
        </test-method> <!-- tearDown -->
        <test-method is-config="true" signature="setUp()[pri:0, instance:com.orangehrm.tests.InvalidLoginTest@37271612]" started-at="2025-12-14T20:27:16 IST" name="setUp" finished-at="2025-12-14T20:27:21 IST" duration-ms="4687" status="PASS">
          <reporter-output>
          </reporter-output>
        </test-method> <!-- setUp -->
        <test-method signature="verifyInvalidLogin(java.lang.String,java.lang.String,java.lang.String)[pri:0, instance:com.orangehrm.tests.InvalidLoginTest@37271612]" started-at="2025-12-14T20:27:21 IST" name="verifyInvalidLogin" data-provider="loginData" finished-at="2025-12-14T20:27:22 IST" duration-ms="978" status="PASS">
          <params>
            <param index="0">
              <value>
                <![CDATA[EMPTY]]>
              </value>
            </param>
            <param index="1">
              <value>
                <![CDATA[admin123]]>
              </value>
            </param>
            <param index="2">
              <value>
                <![CDATA[required]]>
              </value>
            </param>
          </params>
          <reporter-output>
          </reporter-output>
        </test-method> <!-- verifyInvalidLogin -->
        <test-method is-config="true" signature="tearDown()[pri:0, instance:com.orangehrm.tests.InvalidLoginTest@37271612]" started-at="2025-12-14T20:27:22 IST" name="tearDown" finished-at="2025-12-14T20:27:22 IST" duration-ms="206" status="PASS">
          <reporter-output>
          </reporter-output>
        </test-method> <!-- tearDown -->
      </class> <!-- com.orangehrm.tests.InvalidLoginTest -->
      <class name="com.orangehrm.tests.LeaveModuleTest">
        <test-method is-config="true" signature="setUp()[pri:0, instance:com.orangehrm.tests.LeaveModuleTest@c86b9e3]" started-at="2025-12-14T20:26:26 IST" name="setUp" finished-at="2025-12-14T20:26:35 IST" duration-ms="8636" status="PASS">
          <reporter-output>
          </reporter-output>
        </test-method> <!-- setUp -->
        <test-method signature="verifyApplyLeave()[pri:0, instance:com.orangehrm.tests.LeaveModuleTest@c86b9e3]" started-at="2025-12-14T20:26:35 IST" name="verifyApplyLeave" finished-at="2025-12-14T20:26:50 IST" duration-ms="14965" status="PASS">
          <reporter-output>
          </reporter-output>
        </test-method> <!-- verifyApplyLeave -->
        <test-method is-config="true" signature="tearDown()[pri:0, instance:com.orangehrm.tests.LeaveModuleTest@c86b9e3]" started-at="2025-12-14T20:26:50 IST" name="tearDown" finished-at="2025-12-14T20:26:50 IST" duration-ms="208" status="PASS">
          <reporter-output>
          </reporter-output>
        </test-method> <!-- tearDown -->
      </class> <!-- com.orangehrm.tests.LeaveModuleTest -->
      <class name="com.orangehrm.tests.SearchEmployeeTest">
        <test-method is-config="true" signature="setUp()[pri:0, instance:com.orangehrm.tests.SearchEmployeeTest@10aa41f2]" started-at="2025-12-14T20:26:26 IST" name="setUp" finished-at="2025-12-14T20:26:35 IST" duration-ms="8567" status="PASS">
          <reporter-output>
          </reporter-output>
        </test-method> <!-- setUp -->
        <test-method signature="verifySearchEmployee()[pri:0, instance:com.orangehrm.tests.SearchEmployeeTest@10aa41f2]" started-at="2025-12-14T20:26:35 IST" name="verifySearchEmployee" finished-at="2025-12-14T20:26:44 IST" duration-ms="9180" status="PASS">
          <reporter-output>
          </reporter-output>
        </test-method> <!-- verifySearchEmployee -->
        <test-method is-config="true" signature="tearDown()[pri:0, instance:com.orangehrm.tests.SearchEmployeeTest@10aa41f2]" started-at="2025-12-14T20:26:44 IST" name="tearDown" finished-at="2025-12-14T20:26:44 IST" duration-ms="297" status="PASS">
          <reporter-output>
          </reporter-output>
        </test-method> <!-- tearDown -->
      </class> <!-- com.orangehrm.tests.SearchEmployeeTest -->
      <class name="com.orangehrm.tests.DeleteEmployeeTest">
        <test-method is-config="true" signature="setUp()[pri:0, instance:com.orangehrm.tests.DeleteEmployeeTest@6aaceffd]" started-at="2025-12-14T20:26:26 IST" name="setUp" finished-at="2025-12-14T20:26:32 IST" duration-ms="6186" status="PASS">
          <reporter-output>
          </reporter-output>
        </test-method> <!-- setUp -->
        <test-method signature="verifyDeleteEmployee()[pri:0, instance:com.orangehrm.tests.DeleteEmployeeTest@6aaceffd]" started-at="2025-12-14T20:26:32 IST" name="verifyDeleteEmployee" finished-at="2025-12-14T20:27:03 IST" duration-ms="30939" status="FAIL">
          <exception class="org.openqa.selenium.TimeoutException">
            <message>
              <![CDATA[Expected condition failed: waiting for visibility of Proxy element for: DefaultElementLocator 'By.xpath: //div[@class='oxd-table-card']' (tried for 5 second(s) with 500 milliseconds interval)]]>
            </message>
            <full-stacktrace>
              <![CDATA[org.openqa.selenium.TimeoutException: Expected condition failed: waiting for visibility of Proxy element for: DefaultElementLocator 'By.xpath: //div[@class='oxd-table-card']' (tried for 5 second(s) with 500 milliseconds interval)
at org.openqa.selenium.support.ui.WebDriverWait.timeoutException(WebDriverWait.java:84)
at org.openqa.selenium.support.ui.FluentWait.until(FluentWait.java:228)
at com.orangehrm.base.BasePage.waitForVisibility(BasePage.java:53)
at com.orangehrm.pages.PIMPage.searchEmployee(PIMPage.java:121)
at com.orangehrm.tests.DeleteEmployeeTest.verifyDeleteEmployee(DeleteEmployeeTest.java:20)
at java.base/jdk.internal.reflect.DirectMethodHandleAccessor.invoke(DirectMethodHandleAccessor.java:103)
at java.base/java.lang.reflect.Method.invoke(Method.java:580)
at org.testng.internal.invokers.MethodInvocationHelper.invokeMethod(MethodInvocationHelper.java:141)
at org.testng.internal.invokers.TestInvoker.invokeMethod(TestInvoker.java:687)
at org.testng.internal.invokers.TestInvoker.invokeTestMethod(TestInvoker.java:230)
at org.testng.internal.invokers.MethodRunner.runInSequence(MethodRunner.java:63)
at org.testng.internal.invokers.TestInvoker$MethodInvocationAgent.invoke(TestInvoker.java:995)
at org.testng.internal.invokers.TestInvoker.invokeTestMethods(TestInvoker.java:203)
at org.testng.internal.invokers.TestMethodWorker.invokeTestMethods(TestMethodWorker.java:154)
at org.testng.internal.invokers.TestMethodWorker.run(TestMethodWorker.java:134)
at java.base/java.util.concurrent.Executors$RunnableAdapter.call(Executors.java:572)
at java.base/java.util.concurrent.FutureTask.run(FutureTask.java:317)
at org.testng.internal.thread.graph.TestNGFutureTask.run(TestNGFutureTask.java:22)
at java.base/java.util.concurrent.ThreadPoolExecutor.runWorker(ThreadPoolExecutor.java:1144)
at java.base/java.util.concurrent.ThreadPoolExecutor$Worker.run(ThreadPoolExecutor.java:642)
at java.base/java.lang.Thread.run(Thread.java:1575)
Caused by: org.openqa.selenium.NoSuchElementException: no such element: Unable to locate element: {"method":"xpath","selector":"//div[@class='oxd-table-card']"}
  (Session info: chrome=142.0.7444.176)
For documentation on this error, please visit: https://www.selenium.dev/documentation/webdriver/troubleshooting/errors#nosuchelementexception
Build info: version: '4.38.0', revision: '6b412e825c*'
System info: os.name: 'Windows 11', os.arch: 'amd64', os.version: '10.0', java.version: '23'
Driver info: org.openqa.selenium.chrome.ChromeDriver
Command: [2c1399ce464d05448eac42684be1243d, findElement {value=//div[@class='oxd-table-card'], using=xpath}]
Capabilities {acceptInsecureCerts: false, browserName: chrome, browserVersion: 142.0.7444.176, chrome: {chromedriverVersion: 142.0.7444.175 (302067f14a4..., userDataDir: C:\Users\91707\AppData\Loca...}, fedcm:accounts: true, goog:chromeOptions: {debuggerAddress: localhost:51728}, goog:processID: 2440, networkConnectionEnabled: false, pageLoadStrategy: normal, platformName: windows, proxy: Proxy(), se:cdp: ws://localhost:51728/devtoo..., se:cdpVersion: 142.0.7444.176, setWindowRect: true, strictFileInteractability: false, timeouts: {implicit: 0, pageLoad: 300000, script: 30000}, unhandledPromptBehavior: dismiss and notify, webauthn:extension:credBlob: true, webauthn:extension:largeBlob: true, webauthn:extension:minPinLength: true, webauthn:extension:prf: true, webauthn:virtualAuthenticators: true}
Session ID: 2c1399ce464d05448eac42684be1243d
at java.base/jdk.internal.reflect.DirectConstructorHandleAccessor.newInstance(DirectConstructorHandleAccessor.java:62)
at java.base/java.lang.reflect.Constructor.newInstanceWithCaller(Constructor.java:501)
at java.base/java.lang.reflect.Constructor.newInstance(Constructor.java:485)
at org.openqa.selenium.remote.ErrorCodec.decode(ErrorCodec.java:167)
at org.openqa.selenium.remote.codec.w3c.W3CHttpResponseCodec.decode(W3CHttpResponseCodec.java:138)
at org.openqa.selenium.remote.codec.w3c.W3CHttpResponseCodec.decode(W3CHttpResponseCodec.java:50)
at org.openqa.selenium.remote.HttpCommandExecutor.execute(HttpCommandExecutor.java:215)
at org.openqa.selenium.remote.service.DriverCommandExecutor.invokeExecute(DriverCommandExecutor.java:216)
at org.openqa.selenium.remote.service.DriverCommandExecutor.execute(DriverCommandExecutor.java:174)
at org.openqa.selenium.remote.RemoteWebDriver.execute(RemoteWebDriver.java:557)
at org.openqa.selenium.remote.ElementLocation$ElementFinder$2.findElement(ElementLocation.java:165)
at org.openqa.selenium.remote.ElementLocation.findElement(ElementLocation.java:59)
at org.openqa.selenium.remote.RemoteWebDriver.findElement(RemoteWebDriver.java:380)
at org.openqa.selenium.remote.RemoteWebDriver.findElement(RemoteWebDriver.java:374)
at org.openqa.selenium.support.pagefactory.DefaultElementLocator.findElement(DefaultElementLocator.java:68)
at org.openqa.selenium.support.pagefactory.internal.LocatingElementHandler.invoke(LocatingElementHandler.java:38)
at jdk.proxy2/jdk.proxy2.$Proxy28.isDisplayed(Unknown Source)
at org.openqa.selenium.support.ui.ExpectedConditions.elementIfVisible(ExpectedConditions.java:308)
at org.openqa.selenium.support.ui.ExpectedConditions$10.apply(ExpectedConditions.java:294)
at org.openqa.selenium.support.ui.ExpectedConditions$10.apply(ExpectedConditions.java:291)
at org.openqa.selenium.support.ui.FluentWait.until(FluentWait.java:203)
... 19 more
]]>
            </full-stacktrace>
          </exception> <!-- org.openqa.selenium.TimeoutException -->
          <reporter-output>
          </reporter-output>
        </test-method> <!-- verifyDeleteEmployee -->
        <test-method is-config="true" signature="tearDown()[pri:0, instance:com.orangehrm.tests.DeleteEmployeeTest@6aaceffd]" started-at="2025-12-14T20:27:03 IST" name="tearDown" finished-at="2025-12-14T20:27:04 IST" duration-ms="346" status="PASS">
          <reporter-output>
          </reporter-output>
        </test-method> <!-- tearDown -->
      </class> <!-- com.orangehrm.tests.DeleteEmployeeTest -->
      <class name="com.orangehrm.tests.LoginTest">
        <test-method is-config="true" signature="setUp()[pri:0, instance:com.orangehrm.tests.LoginTest@37883b97]" started-at="2025-12-14T20:27:00 IST" name="setUp" finished-at="2025-12-14T20:27:05 IST" duration-ms="4558" status="PASS">
          <reporter-output>
          </reporter-output>
        </test-method> <!-- setUp -->
        <test-method signature="verifyValidLogin()[pri:0, instance:com.orangehrm.tests.LoginTest@37883b97]" started-at="2025-12-14T20:27:05 IST" name="verifyValidLogin" finished-at="2025-12-14T20:27:08 IST" duration-ms="2497" status="PASS">
          <reporter-output>
          </reporter-output>
        </test-method> <!-- verifyValidLogin -->
        <test-method is-config="true" signature="tearDown()[pri:0, instance:com.orangehrm.tests.LoginTest@37883b97]" started-at="2025-12-14T20:27:08 IST" name="tearDown" finished-at="2025-12-14T20:27:08 IST" duration-ms="197" status="PASS">
          <reporter-output>
          </reporter-output>
        </test-method> <!-- tearDown -->
      </class> <!-- com.orangehrm.tests.LoginTest -->
      <class name="com.orangehrm.tests.AdminModuleTest">
        <test-method is-config="true" signature="setUp()[pri:0, instance:com.orangehrm.tests.AdminModuleTest@38102d01]" started-at="2025-12-14T20:26:59 IST" name="setUp" finished-at="2025-12-14T20:27:03 IST" duration-ms="4463" status="PASS">
          <reporter-output>
          </reporter-output>
        </test-method> <!-- setUp -->
        <test-method signature="verifySearchUser()[pri:0, instance:com.orangehrm.tests.AdminModuleTest@38102d01]" started-at="2025-12-14T20:27:03 IST" name="verifySearchUser" finished-at="2025-12-14T20:27:08 IST" duration-ms="4840" status="PASS">
          <reporter-output>
          </reporter-output>
        </test-method> <!-- verifySearchUser -->
        <test-method is-config="true" signature="tearDown()[pri:0, instance:com.orangehrm.tests.AdminModuleTest@38102d01]" started-at="2025-12-14T20:27:08 IST" name="tearDown" finished-at="2025-12-14T20:27:08 IST" duration-ms="193" status="PASS">
          <reporter-output>
          </reporter-output>
        </test-method> <!-- tearDown -->
      </class> <!-- com.orangehrm.tests.AdminModuleTest -->
      <class name="com.orangehrm.tests.AddCandidateTest">
        <test-method is-config="true" signature="setUp()[pri:0, instance:com.orangehrm.tests.AddCandidateTest@4c309d4d]" started-at="2025-12-14T20:26:50 IST" name="setUp" finished-at="2025-12-14T20:26:55 IST" duration-ms="4895" status="PASS">
          <reporter-output>
          </reporter-output>
        </test-method> <!-- setUp -->
        <test-method signature="verifyAddCandidate()[pri:0, instance:com.orangehrm.tests.AddCandidateTest@4c309d4d]" started-at="2025-12-14T20:26:55 IST" name="verifyAddCandidate" finished-at="2025-12-14T20:27:09 IST" duration-ms="14005" status="PASS">
          <reporter-output>
          </reporter-output>
        </test-method> <!-- verifyAddCandidate -->
        <test-method is-config="true" signature="tearDown()[pri:0, instance:com.orangehrm.tests.AddCandidateTest@4c309d4d]" started-at="2025-12-14T20:27:09 IST" name="tearDown" finished-at="2025-12-14T20:27:09 IST" duration-ms="268" status="PASS">
          <reporter-output>
          </reporter-output>
        </test-method> <!-- tearDown -->
      </class> <!-- com.orangehrm.tests.AddCandidateTest -->
    </test> <!-- Test -->
  </suite> <!-- Suite -->
</testng-results>
