<?xml version="1.0" encoding="UTF-8"?>
<testng-results ignored="0" total="5" passed="5" failed="0" skipped="0">
  <reporter-output>
  </reporter-output>
  <suite started-at="2025-12-14T20:13:15 IST" name="Default suite" finished-at="2025-12-14T20:13:51 IST" duration-ms="35253">
    <groups>
    </groups>
    <test started-at="2025-12-14T20:13:15 IST" name="Default test" finished-at="2025-12-14T20:13:51 IST" duration-ms="35253">
      <class name="com.orangehrm.tests.InvalidLoginTest">
        <test-method is-config="true" signature="setUp()[pri:0, instance:com.orangehrm.tests.InvalidLoginTest@37ceb1df]" started-at="2025-12-14T20:13:17 IST" name="setUp" finished-at="2025-12-14T20:13:22 IST" duration-ms="5408" status="PASS">
          <reporter-output>
          </reporter-output>
        </test-method> <!-- setUp -->
        <test-method signature="verifyInvalidLogin(java.lang.String,java.lang.String,java.lang.String)[pri:0, instance:com.orangehrm.tests.InvalidLoginTest@37ceb1df]" started-at="2025-12-14T20:13:22 IST" name="verifyInvalidLogin" data-provider="loginData" finished-at="2025-12-14T20:13:24 IST" duration-ms="2384" status="PASS">
          <params>
            <param index="0">
              <value>
                <![CDATA[Admin]]>
              </value>
            </param>
            <param index="1">
              <value>
                <![CDATA[admin123]]>
              </value>
            </param>
            <param index="2">
              <value>
                <![CDATA[valid]]>
              </value>
            </param>
          </params>
          <reporter-output>
          </reporter-output>
        </test-method> <!-- verifyInvalidLogin -->
        <test-method is-config="true" signature="tearDown()[pri:0, instance:com.orangehrm.tests.InvalidLoginTest@37ceb1df]" started-at="2025-12-14T20:13:24 IST" name="tearDown" finished-at="2025-12-14T20:13:25 IST" duration-ms="233" status="PASS">
          <reporter-output>
          </reporter-output>
        </test-method> <!-- tearDown -->
        <test-method is-config="true" signature="setUp()[pri:0, instance:com.orangehrm.tests.InvalidLoginTest@37ceb1df]" started-at="2025-12-14T20:13:25 IST" name="setUp" finished-at="2025-12-14T20:13:29 IST" duration-ms="4550" status="PASS">
          <reporter-output>
          </reporter-output>
        </test-method> <!-- setUp -->
        <test-method signature="verifyInvalidLogin(java.lang.String,java.lang.String,java.lang.String)[pri:0, instance:com.orangehrm.tests.InvalidLoginTest@37ceb1df]" started-at="2025-12-14T20:13:29 IST" name="verifyInvalidLogin" data-provider="loginData" finished-at="2025-12-14T20:13:32 IST" duration-ms="2378" status="PASS">
          <params>
            <param index="0">
              <value>
                <![CDATA[Admin]]>
              </value>
            </param>
            <param index="1">
              <value>
                <![CDATA[wrongpass]]>
              </value>
            </param>
            <param index="2">
              <value>
                <![CDATA[invalid]]>
              </value>
            </param>
          </params>
          <reporter-output>
          </reporter-output>
        </test-method> <!-- verifyInvalidLogin -->
        <test-method is-config="true" signature="tearDown()[pri:0, instance:com.orangehrm.tests.InvalidLoginTest@37ceb1df]" started-at="2025-12-14T20:13:32 IST" name="tearDown" finished-at="2025-12-14T20:13:32 IST" duration-ms="217" status="PASS">
          <reporter-output>
          </reporter-output>
        </test-method> <!-- tearDown -->
        <test-method is-config="true" signature="setUp()[pri:0, instance:com.orangehrm.tests.InvalidLoginTest@37ceb1df]" started-at="2025-12-14T20:13:32 IST" name="setUp" finished-at="2025-12-14T20:13:37 IST" duration-ms="5075" status="PASS">
          <reporter-output>
          </reporter-output>
        </test-method> <!-- setUp -->
        <test-method signature="verifyInvalidLogin(java.lang.String,java.lang.String,java.lang.String)[pri:0, instance:com.orangehrm.tests.InvalidLoginTest@37ceb1df]" started-at="2025-12-14T20:13:37 IST" name="verifyInvalidLogin" data-provider="loginData" finished-at="2025-12-14T20:13:39 IST" duration-ms="2124" status="PASS">
          <params>
            <param index="0">
              <value>
                <![CDATA[wronguser]]>
              </value>
            </param>
            <param index="1">
              <value>
                <![CDATA[admin123]]>
              </value>
            </param>
            <param index="2">
              <value>
                <![CDATA[invalid]]>
              </value>
            </param>
          </params>
          <reporter-output>
          </reporter-output>
        </test-method> <!-- verifyInvalidLogin -->
        <test-method is-config="true" signature="tearDown()[pri:0, instance:com.orangehrm.tests.InvalidLoginTest@37ceb1df]" started-at="2025-12-14T20:13:39 IST" name="tearDown" finished-at="2025-12-14T20:13:39 IST" duration-ms="159" status="PASS">
          <reporter-output>
          </reporter-output>
        </test-method> <!-- tearDown -->
        <test-method is-config="true" signature="setUp()[pri:0, instance:com.orangehrm.tests.InvalidLoginTest@37ceb1df]" started-at="2025-12-14T20:13:39 IST" name="setUp" finished-at="2025-12-14T20:13:44 IST" duration-ms="5023" status="PASS">
          <reporter-output>
          </reporter-output>
        </test-method> <!-- setUp -->
        <test-method signature="verifyInvalidLogin(java.lang.String,java.lang.String,java.lang.String)[pri:0, instance:com.orangehrm.tests.InvalidLoginTest@37ceb1df]" started-at="2025-12-14T20:13:44 IST" name="verifyInvalidLogin" data-provider="loginData" finished-at="2025-12-14T20:13:45 IST" duration-ms="1017" status="PASS">
          <params>
            <param index="0">
              <value>
                <![CDATA[Admin]]>
              </value>
            </param>
            <param index="1">
              <value>
                <![CDATA[EMPTY]]>
              </value>
            </param>
            <param index="2">
              <value>
                <![CDATA[required]]>
              </value>
            </param>
          </params>
          <reporter-output>
          </reporter-output>
        </test-method> <!-- verifyInvalidLogin -->
        <test-method is-config="true" signature="tearDown()[pri:0, instance:com.orangehrm.tests.InvalidLoginTest@37ceb1df]" started-at="2025-12-14T20:13:45 IST" name="tearDown" finished-at="2025-12-14T20:13:45 IST" duration-ms="160" status="PASS">
          <reporter-output>
          </reporter-output>
        </test-method> <!-- tearDown -->
        <test-method is-config="true" signature="setUp()[pri:0, instance:com.orangehrm.tests.InvalidLoginTest@37ceb1df]" started-at="2025-12-14T20:13:45 IST" name="setUp" finished-at="2025-12-14T20:13:50 IST" duration-ms="4467" status="PASS">
          <reporter-output>
          </reporter-output>
        </test-method> <!-- setUp -->
        <test-method signature="verifyInvalidLogin(java.lang.String,java.lang.String,java.lang.String)[pri:0, instance:com.orangehrm.tests.InvalidLoginTest@37ceb1df]" started-at="2025-12-14T20:13:50 IST" name="verifyInvalidLogin" data-provider="loginData" finished-at="2025-12-14T20:13:50 IST" duration-ms="580" status="PASS">
          <params>
            <param index="0">
              <value>
                <![CDATA[EMPTY]]>
              </value>
            </param>
            <param index="1">
              <value>
                <![CDATA[admin123]]>
              </value>
            </param>
            <param index="2">
              <value>
                <![CDATA[required]]>
              </value>
            </param>
          </params>
          <reporter-output>
          </reporter-output>
        </test-method> <!-- verifyInvalidLogin -->
        <test-method is-config="true" signature="tearDown()[pri:0, instance:com.orangehrm.tests.InvalidLoginTest@37ceb1df]" started-at="2025-12-14T20:13:50 IST" name="tearDown" finished-at="2025-12-14T20:13:51 IST" duration-ms="159" status="PASS">
          <reporter-output>
          </reporter-output>
        </test-method> <!-- tearDown -->
      </class> <!-- com.orangehrm.tests.InvalidLoginTest -->
    </test> <!-- Default test -->
  </suite> <!-- Default suite -->
</testng-results>
