<?xml version="1.0" encoding="UTF-8"?>
<testng-results ignored="0" total="1" passed="1" failed="0" skipped="0">
  <reporter-output>
  </reporter-output>
  <suite started-at="2025-12-28T18:33:23 IST" name="Default suite" finished-at="2025-12-28T18:33:49 IST" duration-ms="25881">
    <groups>
    </groups>
    <test started-at="2025-12-28T18:33:23 IST" name="Default test" finished-at="2025-12-28T18:33:49 IST" duration-ms="25881">
      <class name="com.orangehrm.tests.AddCandidateTest">
        <test-method is-config="true" signature="setUp()[pri:0, instance:com.orangehrm.tests.AddCandidateTest@2de23121]" started-at="2025-12-28T18:33:23 IST" name="setUp" finished-at="2025-12-28T18:33:35 IST" duration-ms="11388" status="PASS">
          <reporter-output>
          </reporter-output>
        </test-method> <!-- setUp -->
        <test-method signature="verifyAddCandidate()[pri:0, instance:com.orangehrm.tests.AddCandidateTest@2de23121]" started-at="2025-12-28T18:33:35 IST" name="verifyAddCandidate" finished-at="2025-12-28T18:33:49 IST" duration-ms="14191" status="PASS">
          <reporter-output>
          </reporter-output>
        </test-method> <!-- verifyAddCandidate -->
        <test-method is-config="true" signature="tearDown()[pri:0, instance:com.orangehrm.tests.AddCandidateTest@2de23121]" started-at="2025-12-28T18:33:49 IST" name="tearDown" finished-at="2025-12-28T18:33:49 IST" duration-ms="243" status="PASS">
          <reporter-output>
          </reporter-output>
        </test-method> <!-- tearDown -->
      </class> <!-- com.orangehrm.tests.AddCandidateTest -->
    </test> <!-- Default test -->
  </suite> <!-- Default suite -->
</testng-results>
