<?xml version="1.0" encoding="UTF-8"?>
<!-- Generated by org.testng.reporters.JUnitReportReporter -->
<testsuite hostname="DEEPAK" failures="0" tests="5" name="com.orangehrm.tests.InvalidLoginTest" time="33.934" errors="0" timestamp="2025-12-14T20:13:51 IST" skipped="0">
  <testcase classname="com.orangehrm.tests.InvalidLoginTest" name="verifyInvalidLogin" time="7.686"/>
  <testcase classname="com.orangehrm.tests.InvalidLoginTest" name="verifyInvalidLogin" time="7.951"/>
  <testcase classname="com.orangehrm.tests.InvalidLoginTest" name="verifyInvalidLogin" time="5.264"/>
  <testcase classname="com.orangehrm.tests.InvalidLoginTest" name="verifyInvalidLogin" time="6.200"/>
  <testcase classname="com.orangehrm.tests.InvalidLoginTest" name="verifyInvalidLogin" time="6.833"/>
</testsuite> <!-- com.orangehrm.tests.InvalidLoginTest -->
